Testsuite: bibtex.BibtabControllerTests
Tests run: 8, Failures: 5, Errors: 0, Time elapsed: 9.512 sec
------------- Standard Output ---------------
--Output from testIndex--
--Output from testList--
--Output from testCreate--
--Output from testSave--
--Output from testShow--
--Output from testEdit--
--Output from testUpdate--
--Output from testDelete--
------------- ---------------- ---------------
------------- Standard Error -----------------
--Output from testIndex--
--Output from testList--
--Output from testCreate--
--Output from testSave--
--Output from testShow--
--Output from testEdit--
--Output from testUpdate--
--Output from testDelete--
------------- ---------------- ---------------

Testcase: testIndex took 3.708 sec
Testcase: testList took 2.533 sec
Testcase: testCreate took 0.312 sec
Testcase: testSave took 0.867 sec
	FAILED
Assertion failed: 

assert response.redirectedUrl == '/bibtab/show/1'
       |        |             |
       |        null          false
       org.codehaus.groovy.grails.plugins.testing.GrailsMockHttpServletResponse@42a64b51

junit.framework.AssertionFailedError: Assertion failed: 

assert response.redirectedUrl == '/bibtab/show/1'
       |        |             |
       |        null          false
       org.codehaus.groovy.grails.plugins.testing.GrailsMockHttpServletResponse@42a64b51

	at bibtex.BibtabControllerTests.testSave(BibtabControllerTests.groovy:49)

Testcase: testShow took 0.779 sec
	FAILED
Assertion failed: 

assert bibtab.save() != null
       |      |      |
       null   null   false

junit.framework.AssertionFailedError: Assertion failed: 

assert bibtab.save() != null
       |      |      |
       null   null   false

	at bibtex.BibtabControllerTests.testShow(BibtabControllerTests.groovy:64)

Testcase: testEdit took 0.318 sec
	FAILED
Assertion failed: 

assert bibtab.save() != null
       |      |      |
       null   null   false

junit.framework.AssertionFailedError: Assertion failed: 

assert bibtab.save() != null
       |      |      |
       null   null   false

	at bibtex.BibtabControllerTests.testEdit(BibtabControllerTests.groovy:83)

Testcase: testUpdate took 0.39 sec
	FAILED
Assertion failed: 

assert bibtab.save() != null
       |      |      |
       null   null   false

junit.framework.AssertionFailedError: Assertion failed: 

assert bibtab.save() != null
       |      |      |
       null   null   false

	at bibtex.BibtabControllerTests.testUpdate(BibtabControllerTests.groovy:104)

Testcase: testDelete took 0.428 sec
	FAILED
Assertion failed: 

assert bibtab.save() != null
       |      |      |
       null   null   false

junit.framework.AssertionFailedError: Assertion failed: 

assert bibtab.save() != null
       |      |      |
       null   null   false

	at bibtex.BibtabControllerTests.testDelete(BibtabControllerTests.groovy:148)

